> Task :core:compileJava NO-SOURCE
> Task :core:processResources NO-SOURCE
> Task :core:classes UP-TO-DATE
> Task :core:jar UP-TO-DATE
> Task :core:assemble UP-TO-DATE
> Task :core:compileTestJava NO-SOURCE
> Task :core:processTestResources NO-SOURCE
> Task :core:testClasses UP-TO-DATE
> Task :core:test NO-SOURCE
> Task :core:check UP-TO-DATE
> Task :core:build UP-TO-DATE
> Task :proto:compileJava UP-TO-DATE
> Task :proto:extractProto UP-TO-DATE
> Task :proto:processResources UP-TO-DATE
> Task :proto:classes UP-TO-DATE
> Task :proto:jar UP-TO-DATE
> Task :proto:assemble UP-TO-DATE
> Task :proto:extractIncludeProto UP-TO-DATE
> Task :proto:extractIncludeTestProto UP-TO-DATE
> Task :proto:extractTestProto UP-TO-DATE
> Task :proto:generateTestProto NO-SOURCE
> Task :proto:compileTestJava NO-SOURCE
> Task :proto:processTestResources NO-SOURCE
> Task :proto:testClasses UP-TO-DATE
> Task :proto:test NO-SOURCE
> Task :proto:check UP-TO-DATE
> Task :proto:build UP-TO-DATE
> Task :raft:compileJava NO-SOURCE
> Task :raft:processResources NO-SOURCE
> Task :raft:classes UP-TO-DATE
> Task :raft:jar UP-TO-DATE
> Task :raft:assemble UP-TO-DATE
> Task :raft:compileTestJava NO-SOURCE
> Task :raft:processTestResources NO-SOURCE
> Task :raft:testClasses UP-TO-DATE
> Task :raft:test NO-SOURCE
> Task :raft:check UP-TO-DATE
> Task :raft:build UP-TO-DATE
> Task :store:compileJava NO-SOURCE
> Task :server:compileJava NO-SOURCE
> Task :server:processResources NO-SOURCE
> Task :server:classes UP-TO-DATE
> Task :server:jar UP-TO-DATE
> Task :server:assemble UP-TO-DATE
> Task :server:compileTestJava NO-SOURCE
> Task :server:processTestResources NO-SOURCE
> Task :server:testClasses UP-TO-DATE
> Task :store:processResources NO-SOURCE
> Task :store:classes UP-TO-DATE
> Task :store:jar UP-TO-DATE
> Task :server:test NO-SOURCE
> Task :server:check UP-TO-DATE
> Task :server:build UP-TO-DATE
> Task :store:assemble UP-TO-DATE
> Task :store:compileTestJava NO-SOURCE
> Task :store:processTestResources NO-SOURCE
> Task :store:testClasses UP-TO-DATE
> Task :store:test NO-SOURCE
> Task :store:check UP-TO-DATE
> Task :store:build UP-TO-DATE
> Task :test-harness:compileJava NO-SOURCE
> Task :test-harness:compileGroovy NO-SOURCE
> Task :test-harness:processResources NO-SOURCE
> Task :test-harness:classes UP-TO-DATE
> Task :test-harness:jar UP-TO-DATE
> Task :test-harness:assemble UP-TO-DATE
> Task :test-harness:compileTestJava NO-SOURCE
> Task :test-harness:compileTestGroovy NO-SOURCE
> Task :test-harness:processTestResources NO-SOURCE
> Task :test-harness:testClasses UP-TO-DATE
> Task :test-harness:test NO-SOURCE
> Task :test-harness:check UP-TO-DATE
> Task :test-harness:build UP-TO-DATE

BUILD SUCCESSFUL in 1s
12 actionable tasks: 12 up-to-date
